2 1000000000000000000 
4 5 
16 8 
72 12 
89 18 

5 1000000000000000000 
2 6 
8 4 
24 6 
36 14 

5 1000000000000000000 
2 6 
8 4 
24 6 
36 14 

3 1000000000000000000 
6 7 
62 11 
79 8 
85 16 

2 1000000000000000000 
4 5 
16 8 
72 12 
89 18 

2 1000000000000000000 
4 5 
16 8 
72 12 
89 18 

1 1000000000000000000 
2 3 
18 5 
30 8 
86 26 

3 1000000000000000000 
6 7 
62 11 
79 8 
85 16 

5 1000000000000000000 
2 6 
8 4 
24 6 
36 14 

2 1000000000000000000 
4 5 
16 8 
72 12 
89 18 

2 1000000000000000000 
4 5 
16 8 
72 12 
89 18 

5 1000000000000000000 
2 6 
8 4 
24 6 
36 14 

14
